django.utils.autoreload INFO 2022-05-30 11:19:15,622 Watching for file changes with StatReloader
django.request WARNING 2022-05-30 11:19:31,895 Unauthorized: /api/crm/customer/
django.utils.autoreload INFO 2022-05-30 11:28:50,556 /Users/titi/Desktop/p12/epic_events_crm/settings.py changed, reloading.
django.utils.autoreload INFO 2022-05-30 11:28:51,303 Watching for file changes with StatReloader
django.request WARNING 2022-05-30 11:28:55,932 Unauthorized: /api/crm/customer/
django.utils.autoreload INFO 2022-05-30 11:30:14,936 /Users/titi/Desktop/p12/epic_events_crm/settings.py changed, reloading.
django.utils.autoreload INFO 2022-05-30 11:30:41,376 Watching for file changes with StatReloader
django.utils.autoreload INFO 2022-05-30 11:31:45,882 /Users/titi/Desktop/p12/crm/views_API.py changed, reloading.
django.utils.autoreload INFO 2022-05-30 11:31:46,501 Watching for file changes with StatReloader
django.request ERROR 2022-05-30 11:31:51,039 Internal Server Error: /api/crm/customer/
Traceback (most recent call last):
  File "/Users/titi/Desktop/p12/env10/lib/python3.10/site-packages/django/core/handlers/exception.py", line 55, in inner
    response = get_response(request)
  File "/Users/titi/Desktop/p12/env10/lib/python3.10/site-packages/django/core/handlers/base.py", line 197, in _get_response
    response = wrapped_callback(request, *callback_args, **callback_kwargs)
  File "/Users/titi/Desktop/p12/env10/lib/python3.10/site-packages/django/views/decorators/csrf.py", line 54, in wrapped_view
    return view_func(*args, **kwargs)
  File "/Users/titi/Desktop/p12/env10/lib/python3.10/site-packages/rest_framework/viewsets.py", line 125, in view
    return self.dispatch(request, *args, **kwargs)
  File "/Users/titi/Desktop/p12/env10/lib/python3.10/site-packages/rest_framework/views.py", line 509, in dispatch
    response = self.handle_exception(exc)
  File "/Users/titi/Desktop/p12/env10/lib/python3.10/site-packages/rest_framework/views.py", line 469, in handle_exception
    self.raise_uncaught_exception(exc)
  File "/Users/titi/Desktop/p12/env10/lib/python3.10/site-packages/rest_framework/views.py", line 480, in raise_uncaught_exception
    raise exc
  File "/Users/titi/Desktop/p12/env10/lib/python3.10/site-packages/rest_framework/views.py", line 506, in dispatch
    response = handler(request, *args, **kwargs)
  File "/Users/titi/Desktop/p12/crm/views_API.py", line 33, in read_customer
    logger.info("GET_CUSTOMERS__202" + status.HTTP_202_ACCEPTED)
TypeError: can only concatenate str (not "int") to str
django.utils.autoreload INFO 2022-05-30 11:32:11,114 /Users/titi/Desktop/p12/crm/views_API.py changed, reloading.
django.utils.autoreload INFO 2022-05-30 11:32:11,788 Watching for file changes with StatReloader
django.utils.autoreload INFO 2022-05-30 11:33:03,854 /Users/titi/Desktop/p12/crm/views_API.py changed, reloading.
django.utils.autoreload INFO 2022-05-30 11:33:04,523 Watching for file changes with StatReloader
django.request ERROR 2022-05-30 11:33:12,149 Internal Server Error: /api/crm/customer/
Traceback (most recent call last):
  File "/Users/titi/Desktop/p12/env10/lib/python3.10/site-packages/django/core/handlers/exception.py", line 55, in inner
    response = get_response(request)
  File "/Users/titi/Desktop/p12/env10/lib/python3.10/site-packages/django/core/handlers/base.py", line 197, in _get_response
    response = wrapped_callback(request, *callback_args, **callback_kwargs)
  File "/Users/titi/Desktop/p12/env10/lib/python3.10/site-packages/django/views/decorators/csrf.py", line 54, in wrapped_view
    return view_func(*args, **kwargs)
  File "/Users/titi/Desktop/p12/env10/lib/python3.10/site-packages/rest_framework/viewsets.py", line 125, in view
    return self.dispatch(request, *args, **kwargs)
  File "/Users/titi/Desktop/p12/env10/lib/python3.10/site-packages/rest_framework/views.py", line 509, in dispatch
    response = self.handle_exception(exc)
  File "/Users/titi/Desktop/p12/env10/lib/python3.10/site-packages/rest_framework/views.py", line 469, in handle_exception
    self.raise_uncaught_exception(exc)
  File "/Users/titi/Desktop/p12/env10/lib/python3.10/site-packages/rest_framework/views.py", line 480, in raise_uncaught_exception
    raise exc
  File "/Users/titi/Desktop/p12/env10/lib/python3.10/site-packages/rest_framework/views.py", line 506, in dispatch
    response = handler(request, *args, **kwargs)
  File "/Users/titi/Desktop/p12/crm/views_API.py", line 33, in read_customer
    logger.info("GET_CUSTOMERS__202" + int(status.HTTP_202_ACCEPTED))
TypeError: can only concatenate str (not "int") to str
django.utils.autoreload INFO 2022-05-30 11:33:25,966 /Users/titi/Desktop/p12/crm/views_API.py changed, reloading.
django.utils.autoreload INFO 2022-05-30 11:33:26,554 Watching for file changes with StatReloader
django.utils.autoreload INFO 2022-05-30 11:35:23,793 /Users/titi/Desktop/p12/crm/views_API.py changed, reloading.
django.utils.autoreload INFO 2022-05-30 11:35:24,439 Watching for file changes with StatReloader
django.utils.autoreload INFO 2022-05-30 11:36:25,000 /Users/titi/Desktop/p12/crm/views_API.py changed, reloading.
django.utils.autoreload INFO 2022-05-30 11:36:25,666 Watching for file changes with StatReloader
django.utils.autoreload INFO 2022-05-30 11:36:26,983 /Users/titi/Desktop/p12/crm/views_API.py changed, reloading.
django.utils.autoreload INFO 2022-05-30 11:36:27,659 Watching for file changes with StatReloader
django.utils.autoreload INFO 2022-05-30 11:37:35,101 /Users/titi/Desktop/p12/crm/views_API.py changed, reloading.
django.utils.autoreload INFO 2022-05-30 11:37:35,719 Watching for file changes with StatReloader
django.request ERROR 2022-05-30 11:37:41,057 Internal Server Error: /api/crm/customer/
Traceback (most recent call last):
  File "/Users/titi/Desktop/p12/env10/lib/python3.10/site-packages/django/core/handlers/exception.py", line 55, in inner
    response = get_response(request)
  File "/Users/titi/Desktop/p12/env10/lib/python3.10/site-packages/django/core/handlers/base.py", line 197, in _get_response
    response = wrapped_callback(request, *callback_args, **callback_kwargs)
  File "/Users/titi/Desktop/p12/env10/lib/python3.10/site-packages/django/views/decorators/csrf.py", line 54, in wrapped_view
    return view_func(*args, **kwargs)
  File "/Users/titi/Desktop/p12/env10/lib/python3.10/site-packages/rest_framework/viewsets.py", line 125, in view
    return self.dispatch(request, *args, **kwargs)
  File "/Users/titi/Desktop/p12/env10/lib/python3.10/site-packages/rest_framework/views.py", line 509, in dispatch
    response = self.handle_exception(exc)
  File "/Users/titi/Desktop/p12/env10/lib/python3.10/site-packages/rest_framework/views.py", line 469, in handle_exception
    self.raise_uncaught_exception(exc)
  File "/Users/titi/Desktop/p12/env10/lib/python3.10/site-packages/rest_framework/views.py", line 480, in raise_uncaught_exception
    raise exc
  File "/Users/titi/Desktop/p12/env10/lib/python3.10/site-packages/rest_framework/views.py", line 506, in dispatch
    response = handler(request, *args, **kwargs)
  File "/Users/titi/Desktop/p12/crm/views_API.py", line 33, in read_customer
    logger.info("GET_LIST_CUSTOMERS__202" + request.user.profile_staff)
TypeError: can only concatenate str (not "ProfileStaff") to str
django.utils.autoreload INFO 2022-05-30 11:38:06,730 /Users/titi/Desktop/p12/crm/views_API.py changed, reloading.
django.utils.autoreload INFO 2022-05-30 11:38:07,375 Watching for file changes with StatReloader
django.utils.autoreload INFO 2022-05-30 11:39:05,761 /Users/titi/Desktop/p12/crm/views_API.py changed, reloading.
django.utils.autoreload INFO 2022-05-30 11:39:06,430 Watching for file changes with StatReloader
django.utils.autoreload INFO 2022-05-30 11:39:13,079 /Users/titi/Desktop/p12/crm/views_API.py changed, reloading.
django.utils.autoreload INFO 2022-05-30 11:39:13,730 Watching for file changes with StatReloader
django.utils.autoreload INFO 2022-05-30 11:39:19,282 /Users/titi/Desktop/p12/crm/views_API.py changed, reloading.
django.utils.autoreload INFO 2022-05-30 11:39:19,910 Watching for file changes with StatReloader
django.utils.autoreload INFO 2022-05-30 11:40:08,769 /Users/titi/Desktop/p12/crm/views_API.py changed, reloading.
django.utils.autoreload INFO 2022-05-30 11:40:09,601 Watching for file changes with StatReloader
django.utils.autoreload INFO 2022-05-30 11:40:27,898 /Users/titi/Desktop/p12/crm/views_API.py changed, reloading.
django.utils.autoreload INFO 2022-05-30 11:40:28,529 Watching for file changes with StatReloader
django.utils.autoreload INFO 2022-05-30 11:42:45,573 /Users/titi/Desktop/p12/crm/views_API.py changed, reloading.
django.utils.autoreload INFO 2022-05-30 11:42:46,220 Watching for file changes with StatReloader
django.utils.autoreload INFO 2022-05-30 11:43:17,014 /Users/titi/Desktop/p12/crm/views_API.py changed, reloading.
django.utils.autoreload INFO 2022-05-30 11:43:17,642 Watching for file changes with StatReloader
django.utils.autoreload INFO 2022-05-30 11:44:02,263 /Users/titi/Desktop/p12/epic_events_crm/settings.py changed, reloading.
django.utils.autoreload INFO 2022-05-30 11:44:02,802 Watching for file changes with StatReloader
django.utils.autoreload INFO 2022-05-30 11:47:10,119 /Users/titi/Desktop/p12/epic_events_crm/settings.py changed, reloading.
django.utils.autoreload INFO 2022-05-30 11:47:10,715 Watching for file changes with StatReloader
django.utils.autoreload INFO 2022-05-30 11:47:16,268 /Users/titi/Desktop/p12/epic_events_crm/settings.py changed, reloading.
django.utils.autoreload INFO 2022-05-30 11:47:16,884 Watching for file changes with StatReloader
django.utils.autoreload INFO 2022-05-30 11:50:52,699 /Users/titi/Desktop/p12/crm/views_API.py changed, reloading.
django.utils.autoreload INFO 2022-05-30 11:50:53,319 Watching for file changes with StatReloader
django.utils.autoreload INFO 2022-05-30 11:51:14,628 /Users/titi/Desktop/p12/crm/views_API.py changed, reloading.
django.utils.autoreload INFO 2022-05-30 11:51:15,202 Watching for file changes with StatReloader
django.utils.autoreload INFO 2022-05-30 11:51:18,667 /Users/titi/Desktop/p12/crm/views_API.py changed, reloading.
django.utils.autoreload INFO 2022-05-30 11:51:19,330 Watching for file changes with StatReloader
django.utils.autoreload INFO 2022-05-30 11:51:33,355 /Users/titi/Desktop/p12/crm/views_API.py changed, reloading.
django.utils.autoreload INFO 2022-05-30 11:51:34,010 Watching for file changes with StatReloader
django.utils.autoreload INFO 2022-05-30 11:52:03,697 /Users/titi/Desktop/p12/crm/views_API.py changed, reloading.
django.utils.autoreload INFO 2022-05-30 11:52:04,336 Watching for file changes with StatReloader
django.utils.autoreload INFO 2022-05-30 11:52:05,627 /Users/titi/Desktop/p12/crm/views_API.py changed, reloading.
django.utils.autoreload INFO 2022-05-30 11:52:06,275 Watching for file changes with StatReloader
django.utils.autoreload INFO 2022-05-30 11:53:00,280 /Users/titi/Desktop/p12/crm/views_API.py changed, reloading.
django.utils.autoreload INFO 2022-05-30 11:53:00,874 Watching for file changes with StatReloader
django.utils.autoreload INFO 2022-05-30 11:54:21,097 /Users/titi/Desktop/p12/crm/views_API.py changed, reloading.
django.utils.autoreload INFO 2022-05-30 11:54:21,736 Watching for file changes with StatReloader
django.utils.autoreload INFO 2022-05-30 11:55:10,460 /Users/titi/Desktop/p12/crm/views_API.py changed, reloading.
django.utils.autoreload INFO 2022-05-30 11:55:11,081 Watching for file changes with StatReloader
django.utils.autoreload INFO 2022-05-30 11:55:23,960 /Users/titi/Desktop/p12/crm/views_API.py changed, reloading.
django.utils.autoreload INFO 2022-05-30 11:55:24,548 Watching for file changes with StatReloader
django.utils.autoreload INFO 2022-05-30 11:55:43,701 /Users/titi/Desktop/p12/crm/views_API.py changed, reloading.
django.utils.autoreload INFO 2022-05-30 11:55:44,308 Watching for file changes with StatReloader
django.utils.autoreload INFO 2022-05-30 11:56:49,797 /Users/titi/Desktop/p12/crm/views_API.py changed, reloading.
django.utils.autoreload INFO 2022-05-30 11:56:50,522 Watching for file changes with StatReloader
django.request ERROR 2022-05-30 11:56:57,753 Internal Server Error: /api/crm/customer/CM00003/
Traceback (most recent call last):
  File "/Users/titi/Desktop/p12/env10/lib/python3.10/site-packages/django/core/handlers/exception.py", line 55, in inner
    response = get_response(request)
  File "/Users/titi/Desktop/p12/env10/lib/python3.10/site-packages/django/core/handlers/base.py", line 197, in _get_response
    response = wrapped_callback(request, *callback_args, **callback_kwargs)
  File "/Users/titi/Desktop/p12/env10/lib/python3.10/site-packages/django/views/decorators/csrf.py", line 54, in wrapped_view
    return view_func(*args, **kwargs)
  File "/Users/titi/Desktop/p12/env10/lib/python3.10/site-packages/rest_framework/viewsets.py", line 125, in view
    return self.dispatch(request, *args, **kwargs)
  File "/Users/titi/Desktop/p12/env10/lib/python3.10/site-packages/rest_framework/views.py", line 509, in dispatch
    response = self.handle_exception(exc)
  File "/Users/titi/Desktop/p12/env10/lib/python3.10/site-packages/rest_framework/views.py", line 469, in handle_exception
    self.raise_uncaught_exception(exc)
  File "/Users/titi/Desktop/p12/env10/lib/python3.10/site-packages/rest_framework/views.py", line 480, in raise_uncaught_exception
    raise exc
  File "/Users/titi/Desktop/p12/env10/lib/python3.10/site-packages/rest_framework/views.py", line 506, in dispatch
    response = handler(request, *args, **kwargs)
  File "/Users/titi/Desktop/p12/crm/views_API.py", line 106, in details_customer
    logger.ifno(
AttributeError: 'Logger' object has no attribute 'ifno'
django.utils.autoreload INFO 2022-05-30 11:57:16,108 /Users/titi/Desktop/p12/crm/views_API.py changed, reloading.
django.utils.autoreload INFO 2022-05-30 11:57:16,787 Watching for file changes with StatReloader
django.request WARNING 2022-05-30 11:57:47,442 Not Found: /api/crm/customer/CT00003/
django.utils.autoreload INFO 2022-05-30 12:12:55,166 /Users/titi/Desktop/p12/crm/views_API.py changed, reloading.
django.utils.autoreload INFO 2022-05-30 12:12:55,832 Watching for file changes with StatReloader
django.utils.autoreload INFO 2022-05-30 12:13:01,318 /Users/titi/Desktop/p12/crm/views_API.py changed, reloading.
django.utils.autoreload INFO 2022-05-30 12:13:01,987 Watching for file changes with StatReloader
django.utils.autoreload INFO 2022-05-30 12:13:06,468 /Users/titi/Desktop/p12/crm/views_API.py changed, reloading.
django.utils.autoreload INFO 2022-05-30 12:13:07,118 Watching for file changes with StatReloader
django.utils.autoreload INFO 2022-05-30 12:13:12,648 /Users/titi/Desktop/p12/crm/views_API.py changed, reloading.
django.utils.autoreload INFO 2022-05-30 12:13:13,319 Watching for file changes with StatReloader
django.utils.autoreload INFO 2022-05-30 12:13:16,741 /Users/titi/Desktop/p12/crm/views_API.py changed, reloading.
django.utils.autoreload INFO 2022-05-30 12:13:17,403 Watching for file changes with StatReloader
django.utils.autoreload INFO 2022-05-30 12:13:19,768 /Users/titi/Desktop/p12/crm/views_API.py changed, reloading.
django.utils.autoreload INFO 2022-05-30 12:13:20,396 Watching for file changes with StatReloader
django.utils.autoreload INFO 2022-05-30 12:13:25,882 /Users/titi/Desktop/p12/crm/views_API.py changed, reloading.
django.utils.autoreload INFO 2022-05-30 12:13:26,444 Watching for file changes with StatReloader
django.utils.autoreload INFO 2022-05-30 12:13:54,006 /Users/titi/Desktop/p12/crm/views_API.py changed, reloading.
django.utils.autoreload INFO 2022-05-30 12:13:54,673 Watching for file changes with StatReloader
django.utils.autoreload INFO 2022-05-30 12:13:56,998 /Users/titi/Desktop/p12/crm/views_API.py changed, reloading.
django.utils.autoreload INFO 2022-05-30 12:13:57,615 Watching for file changes with StatReloader
django.utils.autoreload INFO 2022-05-30 12:14:14,701 /Users/titi/Desktop/p12/crm/views_API.py changed, reloading.
django.utils.autoreload INFO 2022-05-30 12:14:15,269 Watching for file changes with StatReloader
django.utils.autoreload INFO 2022-05-30 12:14:20,753 /Users/titi/Desktop/p12/crm/views_API.py changed, reloading.
django.utils.autoreload INFO 2022-05-30 12:14:21,342 Watching for file changes with StatReloader
django.utils.autoreload INFO 2022-05-30 12:15:46,768 /Users/titi/Desktop/p12/crm/views_API.py changed, reloading.
django.utils.autoreload INFO 2022-05-30 12:15:47,401 Watching for file changes with StatReloader
django.utils.autoreload INFO 2022-05-30 12:15:54,062 /Users/titi/Desktop/p12/crm/views_API.py changed, reloading.
django.utils.autoreload INFO 2022-05-30 12:15:54,692 Watching for file changes with StatReloader
django.utils.autoreload INFO 2022-05-30 12:15:55,975 /Users/titi/Desktop/p12/crm/views_API.py changed, reloading.
django.utils.autoreload INFO 2022-05-30 12:15:56,572 Watching for file changes with StatReloader
django.utils.autoreload INFO 2022-05-30 12:16:07,339 /Users/titi/Desktop/p12/crm/views_API.py changed, reloading.
django.utils.autoreload INFO 2022-05-30 12:16:07,910 Watching for file changes with StatReloader
django.utils.autoreload INFO 2022-05-30 12:16:41,758 /Users/titi/Desktop/p12/crm/views_API.py changed, reloading.
django.utils.autoreload INFO 2022-05-30 12:16:42,409 Watching for file changes with StatReloader
django.utils.autoreload INFO 2022-05-30 12:16:43,582 /Users/titi/Desktop/p12/crm/views_API.py changed, reloading.
django.utils.autoreload INFO 2022-05-30 12:16:44,179 Watching for file changes with StatReloader
django.utils.autoreload INFO 2022-05-30 12:16:49,560 /Users/titi/Desktop/p12/crm/views_API.py changed, reloading.
django.utils.autoreload INFO 2022-05-30 12:16:50,149 Watching for file changes with StatReloader
django.utils.autoreload INFO 2022-05-30 12:17:42,001 /Users/titi/Desktop/p12/crm/views_API.py changed, reloading.
django.utils.autoreload INFO 2022-05-30 12:17:42,599 Watching for file changes with StatReloader
django.utils.autoreload INFO 2022-05-30 12:17:45,977 /Users/titi/Desktop/p12/crm/views_API.py changed, reloading.
django.utils.autoreload INFO 2022-05-30 12:17:46,652 Watching for file changes with StatReloader
django.utils.autoreload INFO 2022-05-30 12:17:50,101 /Users/titi/Desktop/p12/crm/views_API.py changed, reloading.
django.utils.autoreload INFO 2022-05-30 12:17:50,723 Watching for file changes with StatReloader
django.utils.autoreload INFO 2022-05-30 12:17:53,104 /Users/titi/Desktop/p12/crm/views_API.py changed, reloading.
django.utils.autoreload INFO 2022-05-30 12:17:53,678 Watching for file changes with StatReloader
django.utils.autoreload INFO 2022-05-30 12:17:56,014 /Users/titi/Desktop/p12/crm/views_API.py changed, reloading.
django.utils.autoreload INFO 2022-05-30 12:17:56,724 Watching for file changes with StatReloader
django.utils.autoreload INFO 2022-05-30 12:18:02,232 /Users/titi/Desktop/p12/crm/views_API.py changed, reloading.
django.utils.autoreload INFO 2022-05-30 12:18:02,812 Watching for file changes with StatReloader
django.utils.autoreload INFO 2022-05-30 12:19:22,111 /Users/titi/Desktop/p12/crm/views_API.py changed, reloading.
django.utils.autoreload INFO 2022-05-30 12:19:22,767 Watching for file changes with StatReloader
django.utils.autoreload INFO 2022-05-30 12:19:27,201 /Users/titi/Desktop/p12/crm/views_API.py changed, reloading.
django.utils.autoreload INFO 2022-05-30 12:19:27,867 Watching for file changes with StatReloader
django.utils.autoreload INFO 2022-05-30 12:19:32,375 /Users/titi/Desktop/p12/crm/views_API.py changed, reloading.
django.utils.autoreload INFO 2022-05-30 12:19:33,038 Watching for file changes with StatReloader
django.utils.autoreload INFO 2022-05-30 12:19:34,349 /Users/titi/Desktop/p12/crm/views_API.py changed, reloading.
django.utils.autoreload INFO 2022-05-30 12:19:35,010 Watching for file changes with StatReloader
django.utils.autoreload INFO 2022-05-30 12:19:46,827 /Users/titi/Desktop/p12/crm/views_API.py changed, reloading.
django.utils.autoreload INFO 2022-05-30 12:19:47,490 Watching for file changes with StatReloader
django.utils.autoreload INFO 2022-05-30 12:20:06,733 /Users/titi/Desktop/p12/crm/views_API.py changed, reloading.
django.utils.autoreload INFO 2022-05-30 12:20:07,287 Watching for file changes with StatReloader
django.utils.autoreload INFO 2022-05-30 12:20:11,768 /Users/titi/Desktop/p12/crm/views_API.py changed, reloading.
django.utils.autoreload INFO 2022-05-30 12:20:12,396 Watching for file changes with StatReloader
django.utils.autoreload INFO 2022-05-30 12:20:58,889 /Users/titi/Desktop/p12/crm/views_API.py changed, reloading.
django.utils.autoreload INFO 2022-05-30 12:20:59,505 Watching for file changes with StatReloader
django.utils.autoreload INFO 2022-05-30 12:22:06,095 /Users/titi/Desktop/p12/crm/views_API.py changed, reloading.
django.utils.autoreload INFO 2022-05-30 12:22:06,666 Watching for file changes with StatReloader
django.utils.autoreload INFO 2022-05-30 12:22:19,632 /Users/titi/Desktop/p12/crm/views_API.py changed, reloading.
django.utils.autoreload INFO 2022-05-30 12:22:20,305 Watching for file changes with StatReloader
django.utils.autoreload INFO 2022-05-30 12:22:24,838 /Users/titi/Desktop/p12/crm/views_API.py changed, reloading.
django.utils.autoreload INFO 2022-05-30 12:22:25,466 Watching for file changes with StatReloader
django.utils.autoreload INFO 2022-05-30 12:22:32,031 /Users/titi/Desktop/p12/crm/views_API.py changed, reloading.
django.utils.autoreload INFO 2022-05-30 12:22:32,599 Watching for file changes with StatReloader
django.utils.autoreload INFO 2022-05-30 12:23:12,881 /Users/titi/Desktop/p12/crm/views_API.py changed, reloading.
django.utils.autoreload INFO 2022-05-30 12:23:13,464 Watching for file changes with StatReloader
django.utils.autoreload INFO 2022-05-30 12:24:05,273 /Users/titi/Desktop/p12/crm/views_API.py changed, reloading.
django.utils.autoreload INFO 2022-05-30 12:24:05,854 Watching for file changes with StatReloader
django.utils.autoreload INFO 2022-05-30 12:24:11,394 /Users/titi/Desktop/p12/crm/views_API.py changed, reloading.
django.utils.autoreload INFO 2022-05-30 12:24:12,006 Watching for file changes with StatReloader
django.utils.autoreload INFO 2022-05-30 12:24:44,897 /Users/titi/Desktop/p12/crm/views_API.py changed, reloading.
django.utils.autoreload INFO 2022-05-30 12:24:45,513 Watching for file changes with StatReloader
django.utils.autoreload INFO 2022-05-30 12:24:59,393 /Users/titi/Desktop/p12/crm/views_API.py changed, reloading.
django.utils.autoreload INFO 2022-05-30 12:25:00,004 Watching for file changes with StatReloader
django.utils.autoreload INFO 2022-05-30 12:25:12,900 /Users/titi/Desktop/p12/crm/views_API.py changed, reloading.
django.utils.autoreload INFO 2022-05-30 12:25:13,520 Watching for file changes with StatReloader
django.utils.autoreload INFO 2022-05-30 12:25:36,916 /Users/titi/Desktop/p12/crm/views_API.py changed, reloading.
django.utils.autoreload INFO 2022-05-30 12:25:37,491 Watching for file changes with StatReloader
django.utils.autoreload INFO 2022-05-30 12:25:49,396 /Users/titi/Desktop/p12/crm/views_API.py changed, reloading.
django.utils.autoreload INFO 2022-05-30 12:25:50,040 Watching for file changes with StatReloader
django.utils.autoreload INFO 2022-05-30 12:25:53,458 /Users/titi/Desktop/p12/crm/views_API.py changed, reloading.
django.utils.autoreload INFO 2022-05-30 12:25:54,108 Watching for file changes with StatReloader
django.utils.autoreload INFO 2022-05-30 12:25:55,426 /Users/titi/Desktop/p12/crm/views_API.py changed, reloading.
django.utils.autoreload INFO 2022-05-30 12:25:56,093 Watching for file changes with StatReloader
django.utils.autoreload INFO 2022-05-30 12:25:57,414 /Users/titi/Desktop/p12/crm/views_API.py changed, reloading.
django.utils.autoreload INFO 2022-05-30 12:25:58,065 Watching for file changes with StatReloader
django.utils.autoreload INFO 2022-05-30 12:26:03,611 /Users/titi/Desktop/p12/crm/views_API.py changed, reloading.
django.utils.autoreload INFO 2022-05-30 12:26:04,292 Watching for file changes with StatReloader
django.utils.autoreload INFO 2022-05-30 12:28:36,181 /Users/titi/Desktop/p12/crm/views_API.py changed, reloading.
django.utils.autoreload INFO 2022-05-30 12:28:36,844 Watching for file changes with StatReloader
django.utils.autoreload INFO 2022-05-30 12:28:39,221 /Users/titi/Desktop/p12/crm/views_API.py changed, reloading.
django.utils.autoreload INFO 2022-05-30 12:28:39,894 Watching for file changes with StatReloader
django.utils.autoreload INFO 2022-05-30 12:28:51,729 /Users/titi/Desktop/p12/crm/views_API.py changed, reloading.
django.utils.autoreload INFO 2022-05-30 12:28:52,320 Watching for file changes with StatReloader
django.utils.autoreload INFO 2022-05-30 12:30:23,040 /Users/titi/Desktop/p12/crm/views_API.py changed, reloading.
django.utils.autoreload INFO 2022-05-30 12:30:23,637 Watching for file changes with StatReloader
django.utils.autoreload INFO 2022-05-30 12:30:33,360 /Users/titi/Desktop/p12/crm/views_API.py changed, reloading.
django.utils.autoreload INFO 2022-05-30 12:30:33,971 Watching for file changes with StatReloader
django.utils.autoreload INFO 2022-05-30 12:31:01,615 /Users/titi/Desktop/p12/crm/views_API.py changed, reloading.
django.utils.autoreload INFO 2022-05-30 12:31:02,182 Watching for file changes with StatReloader
django.utils.autoreload INFO 2022-05-30 12:31:18,289 /Users/titi/Desktop/p12/crm/views_API.py changed, reloading.
django.utils.autoreload INFO 2022-05-30 12:31:18,860 Watching for file changes with StatReloader
django.utils.autoreload INFO 2022-05-30 12:31:38,167 /Users/titi/Desktop/p12/crm/views_API.py changed, reloading.
django.utils.autoreload INFO 2022-05-30 12:31:38,820 Watching for file changes with StatReloader
django.utils.autoreload INFO 2022-05-30 12:31:45,363 /Users/titi/Desktop/p12/crm/views_API.py changed, reloading.
django.utils.autoreload INFO 2022-05-30 12:31:45,999 Watching for file changes with StatReloader
django.utils.autoreload INFO 2022-05-30 12:31:48,367 /Users/titi/Desktop/p12/crm/views_API.py changed, reloading.
django.utils.autoreload INFO 2022-05-30 12:31:48,944 Watching for file changes with StatReloader
django.utils.autoreload INFO 2022-05-30 12:32:15,528 /Users/titi/Desktop/p12/crm/views_API.py changed, reloading.
django.utils.autoreload INFO 2022-05-30 12:32:16,117 Watching for file changes with StatReloader
django.utils.autoreload INFO 2022-05-30 12:32:27,891 /Users/titi/Desktop/p12/crm/views_API.py changed, reloading.
django.utils.autoreload INFO 2022-05-30 12:32:28,494 Watching for file changes with StatReloader
django.utils.autoreload INFO 2022-05-30 12:34:29,715 /Users/titi/Desktop/p12/crm/views_API.py changed, reloading.
django.utils.autoreload INFO 2022-05-30 12:34:30,297 Watching for file changes with StatReloader
django.utils.autoreload INFO 2022-05-30 12:34:47,353 /Users/titi/Desktop/p12/crm/views_API.py changed, reloading.
django.utils.autoreload INFO 2022-05-30 12:34:47,949 Watching for file changes with StatReloader
django.utils.autoreload INFO 2022-05-30 12:37:53,440 /Users/titi/Desktop/p12/crm/views_API.py changed, reloading.
django.utils.autoreload INFO 2022-05-30 12:37:54,035 Watching for file changes with StatReloader
django.utils.autoreload INFO 2022-05-30 12:37:56,365 /Users/titi/Desktop/p12/crm/views_API.py changed, reloading.
django.utils.autoreload INFO 2022-05-30 12:37:56,962 Watching for file changes with StatReloader
django.utils.autoreload INFO 2022-05-30 12:38:49,993 /Users/titi/Desktop/p12/crm/views_API.py changed, reloading.
django.utils.autoreload INFO 2022-05-30 12:38:50,611 Watching for file changes with StatReloader
django.utils.autoreload INFO 2022-05-30 12:38:56,112 /Users/titi/Desktop/p12/crm/views_API.py changed, reloading.
django.utils.autoreload INFO 2022-05-30 12:38:56,713 Watching for file changes with StatReloader
django.utils.autoreload INFO 2022-05-30 12:40:03,404 /Users/titi/Desktop/p12/crm/views_API.py changed, reloading.
django.utils.autoreload INFO 2022-05-30 12:40:03,983 Watching for file changes with StatReloader
django.utils.autoreload INFO 2022-05-30 12:47:07,534 /Users/titi/Desktop/p12/crm/views_API.py changed, reloading.
django.utils.autoreload INFO 2022-05-30 12:47:08,192 Watching for file changes with StatReloader
django.utils.autoreload INFO 2022-05-30 12:47:11,676 /Users/titi/Desktop/p12/crm/views_API.py changed, reloading.
django.utils.autoreload INFO 2022-05-30 12:47:12,291 Watching for file changes with StatReloader
django.utils.autoreload INFO 2022-05-30 12:47:33,757 /Users/titi/Desktop/p12/crm/views_API.py changed, reloading.
django.utils.autoreload INFO 2022-05-30 12:47:34,451 Watching for file changes with StatReloader
django.utils.autoreload INFO 2022-05-30 12:49:10,491 /Users/titi/Desktop/p12/crm/views_API.py changed, reloading.
django.utils.autoreload INFO 2022-05-30 12:49:11,079 Watching for file changes with StatReloader
django.utils.autoreload INFO 2022-05-30 12:49:16,736 /Users/titi/Desktop/p12/crm/views_API.py changed, reloading.
django.utils.autoreload INFO 2022-05-30 12:49:17,322 Watching for file changes with StatReloader
django.utils.autoreload INFO 2022-05-30 12:49:28,154 /Users/titi/Desktop/p12/crm/views_API.py changed, reloading.
django.utils.autoreload INFO 2022-05-30 12:49:28,794 Watching for file changes with StatReloader
django.utils.autoreload INFO 2022-05-30 12:49:39,564 /Users/titi/Desktop/p12/crm/views_API.py changed, reloading.
django.utils.autoreload INFO 2022-05-30 12:49:40,201 Watching for file changes with StatReloader
django.utils.autoreload INFO 2022-05-30 12:49:43,586 /Users/titi/Desktop/p12/crm/views_API.py changed, reloading.
django.utils.autoreload INFO 2022-05-30 12:49:44,207 Watching for file changes with StatReloader
django.utils.autoreload INFO 2022-05-30 12:49:46,631 /Users/titi/Desktop/p12/crm/views_API.py changed, reloading.
django.utils.autoreload INFO 2022-05-30 12:49:47,215 Watching for file changes with StatReloader
django.utils.autoreload INFO 2022-05-30 12:49:59,027 /Users/titi/Desktop/p12/crm/views_API.py changed, reloading.
django.utils.autoreload INFO 2022-05-30 12:49:59,618 Watching for file changes with StatReloader
django.utils.autoreload INFO 2022-05-30 12:50:16,719 /Users/titi/Desktop/p12/crm/views_API.py changed, reloading.
django.utils.autoreload INFO 2022-05-30 12:50:17,388 Watching for file changes with StatReloader
django.utils.autoreload INFO 2022-05-30 12:50:25,022 /Users/titi/Desktop/p12/crm/views_API.py changed, reloading.
django.utils.autoreload INFO 2022-05-30 12:50:25,647 Watching for file changes with StatReloader
django.utils.autoreload INFO 2022-05-30 12:50:35,358 /Users/titi/Desktop/p12/crm/views_API.py changed, reloading.
django.utils.autoreload INFO 2022-05-30 12:50:36,022 Watching for file changes with StatReloader
django.utils.autoreload INFO 2022-05-30 12:50:41,560 /Users/titi/Desktop/p12/crm/views_API.py changed, reloading.
django.utils.autoreload INFO 2022-05-30 12:50:42,178 Watching for file changes with StatReloader
django.utils.autoreload INFO 2022-05-30 12:50:44,553 /Users/titi/Desktop/p12/crm/views_API.py changed, reloading.
django.utils.autoreload INFO 2022-05-30 12:50:45,187 Watching for file changes with StatReloader
django.utils.autoreload INFO 2022-05-30 12:50:54,924 /Users/titi/Desktop/p12/crm/views_API.py changed, reloading.
django.utils.autoreload INFO 2022-05-30 12:50:55,515 Watching for file changes with StatReloader
django.utils.autoreload INFO 2022-05-30 12:51:04,164 /Users/titi/Desktop/p12/crm/views_API.py changed, reloading.
django.utils.autoreload INFO 2022-05-30 12:51:04,747 Watching for file changes with StatReloader
django.utils.autoreload INFO 2022-05-30 12:51:19,709 /Users/titi/Desktop/p12/crm/views_API.py changed, reloading.
django.utils.autoreload INFO 2022-05-30 12:51:20,358 Watching for file changes with StatReloader
django.utils.autoreload INFO 2022-05-30 12:51:27,007 /Users/titi/Desktop/p12/crm/views_API.py changed, reloading.
django.utils.autoreload INFO 2022-05-30 12:51:27,638 Watching for file changes with StatReloader
django.utils.autoreload INFO 2022-05-30 12:51:34,276 /Users/titi/Desktop/p12/crm/views_API.py changed, reloading.
django.utils.autoreload INFO 2022-05-30 12:51:34,917 Watching for file changes with StatReloader
django.utils.autoreload INFO 2022-05-30 12:51:40,475 /Users/titi/Desktop/p12/crm/views_API.py changed, reloading.
django.utils.autoreload INFO 2022-05-30 12:51:41,163 Watching for file changes with StatReloader
django.utils.autoreload INFO 2022-05-30 12:52:02,499 /Users/titi/Desktop/p12/crm/views_API.py changed, reloading.
django.utils.autoreload INFO 2022-05-30 12:52:03,193 Watching for file changes with StatReloader
django.utils.autoreload INFO 2022-05-30 12:52:08,543 /Users/titi/Desktop/p12/crm/views_API.py changed, reloading.
django.utils.autoreload INFO 2022-05-30 12:52:09,202 Watching for file changes with StatReloader
django.utils.autoreload INFO 2022-05-30 12:52:12,665 /Users/titi/Desktop/p12/crm/views_API.py changed, reloading.
django.utils.autoreload INFO 2022-05-30 12:52:13,279 Watching for file changes with StatReloader
django.utils.autoreload INFO 2022-05-30 12:52:19,861 /Users/titi/Desktop/p12/crm/views_API.py changed, reloading.
django.utils.autoreload INFO 2022-05-30 12:52:20,511 Watching for file changes with StatReloader
django.utils.autoreload INFO 2022-05-30 12:52:26,029 /Users/titi/Desktop/p12/crm/views_API.py changed, reloading.
django.utils.autoreload INFO 2022-05-30 12:52:26,685 Watching for file changes with StatReloader
django.utils.autoreload INFO 2022-05-30 12:52:34,321 /Users/titi/Desktop/p12/crm/views_API.py changed, reloading.
django.utils.autoreload INFO 2022-05-30 12:52:34,952 Watching for file changes with StatReloader
django.utils.autoreload INFO 2022-05-30 12:52:39,421 /Users/titi/Desktop/p12/crm/views_API.py changed, reloading.
django.utils.autoreload INFO 2022-05-30 12:52:40,041 Watching for file changes with StatReloader
django.utils.autoreload INFO 2022-05-30 12:52:41,329 /Users/titi/Desktop/p12/crm/views_API.py changed, reloading.
django.utils.autoreload INFO 2022-05-30 12:52:41,898 Watching for file changes with StatReloader
django.utils.autoreload INFO 2022-05-30 12:52:49,494 /Users/titi/Desktop/p12/crm/views_API.py changed, reloading.
django.utils.autoreload INFO 2022-05-30 12:52:50,098 Watching for file changes with StatReloader
django.utils.autoreload INFO 2022-05-30 12:53:07,196 /Users/titi/Desktop/p12/crm/views_API.py changed, reloading.
django.utils.autoreload INFO 2022-05-30 12:53:07,815 Watching for file changes with StatReloader
django.utils.autoreload INFO 2022-05-30 12:53:14,458 /Users/titi/Desktop/p12/crm/views_API.py changed, reloading.
django.utils.autoreload INFO 2022-05-30 12:53:15,055 Watching for file changes with StatReloader
django.utils.autoreload INFO 2022-05-30 12:53:27,951 /Users/titi/Desktop/p12/crm/views_API.py changed, reloading.
django.utils.autoreload INFO 2022-05-30 12:53:28,514 Watching for file changes with StatReloader
django.utils.autoreload INFO 2022-05-30 12:54:02,479 /Users/titi/Desktop/p12/crm/views_API.py changed, reloading.
django.utils.autoreload INFO 2022-05-30 12:54:03,053 Watching for file changes with StatReloader
